\BOOKMARK [0][-]{Doc-Start}{\376\377\000A\000c\000k\000n\000o\000w\000l\000e\000d\000g\000e\000m\000e\000n\000t\000s}{}% 1
\BOOKMARK [0][-]{Doc-Start}{\376\377\000A\000b\000s\000t\000r\000a\000c\000t}{}% 2
\BOOKMARK [0][-]{chapter*.2}{\376\377\000L\000i\000s\000t\000\040\000o\000f\000\040\000T\000a\000b\000l\000e\000s}{}% 3
\BOOKMARK [0][-]{chapter*.3}{\376\377\000L\000i\000s\000t\000\040\000o\000f\000\040\000F\000i\000g\000u\000r\000e\000s}{}% 4
\BOOKMARK [0][-]{chapter*.3}{\376\377\000A\000b\000b\000r\000e\000v\000i\000a\000t\000i\000o\000n\000s}{}% 5
\BOOKMARK [0][-]{chapter*.3}{\376\377\000N\000o\000t\000a\000t\000i\000o\000n\000s}{}% 6
\BOOKMARK [0][-]{chapter.1}{\376\377\000I\000n\000t\000r\000o\000d\000u\000c\000t\000i\000o\000n}{}% 7
\BOOKMARK [0][-]{chapter.2}{\376\377\000L\000i\000t\000e\000r\000a\000t\000u\000r\000e\000\040\000S\000u\000r\000v\000e\000y}{}% 8
\BOOKMARK [0][-]{chapter.3}{\376\377\000P\000r\000o\000b\000l\000e\000m\000\040\000S\000t\000a\000t\000e\000m\000e\000n\000t\000\040\000a\000n\000d\000\040\000O\000b\000j\000e\000c\000t\000i\000v\000e\000s}{}% 9
\BOOKMARK [1][-]{section.3.1}{\376\377\000P\000r\000o\000b\000l\000e\000m\000\040\000S\000t\000a\000t\000e\000m\000e\000n\000t}{chapter.3}% 10
\BOOKMARK [1][-]{section.3.2}{\376\377\000O\000b\000j\000e\000c\000t\000i\000v\000e\000s}{chapter.3}% 11
\BOOKMARK [0][-]{chapter.4}{\376\377\000M\000e\000t\000h\000o\000d\000o\000l\000o\000g\000y\000\040\000a\000n\000d\000\040\000I\000m\000p\000l\000e\000m\000e\000n\000t\000a\000t\000i\000o\000n}{}% 12
\BOOKMARK [1][-]{section.4.1}{\376\377\000D\000D\000P\000G\000\040\000A\000l\000g\000o\000r\000i\000t\000h\000m}{chapter.4}% 13
\BOOKMARK [2][-]{subsection.4.1.1}{\376\377\000S\000t\000a\000t\000e\000\040\000S\000p\000a\000c\000e}{section.4.1}% 14
\BOOKMARK [2][-]{subsection.4.1.2}{\376\377\000A\000c\000t\000i\000o\000n\000\040\000S\000p\000a\000c\000e}{section.4.1}% 15
\BOOKMARK [2][-]{subsection.4.1.3}{\376\377\000R\000e\000w\000a\000r\000d\000\040\000F\000u\000n\000c\000t\000i\000o\000n\000\040}{section.4.1}% 16
\BOOKMARK [1][-]{section.4.2}{\376\377\000I\000m\000p\000l\000e\000m\000e\000n\000t\000a\000t\000i\000o\000n}{chapter.4}% 17
\BOOKMARK [2][-]{subsection.4.2.1}{\376\377\000L\000a\000n\000e\000\040\000K\000e\000e\000p}{section.4.2}% 18
\BOOKMARK [2][-]{subsection.4.2.2}{\376\377\000F\000r\000o\000n\000t\000\040\000o\000b\000s\000t\000a\000c\000l\000e\000\040\000d\000e\000t\000e\000c\000t\000i\000o\000n}{section.4.2}% 19
\BOOKMARK [2][-]{subsection.4.2.3}{\376\377\000O\000v\000e\000r\000t\000a\000k\000i\000n\000g}{section.4.2}% 20
\BOOKMARK [2][-]{subsection.4.2.4}{\376\377\000S\000i\000d\000e\000\040\000o\000b\000s\000t\000a\000c\000l\000e\000\040\000d\000e\000t\000e\000c\000t\000i\000o\000n}{section.4.2}% 21
\BOOKMARK [0][-]{chapter.5}{\376\377\000R\000e\000s\000u\000l\000t\000\040\000A\000n\000a\000l\000y\000s\000i\000s}{}% 22
\BOOKMARK [0][-]{chapter.6}{\376\377\000C\000o\000n\000c\000l\000u\000s\000i\000o\000n\000\040\000a\000n\000d\000\040\000F\000u\000t\000u\000r\000e\000\040\000S\000c\000o\000p\000e}{}% 23
\BOOKMARK [1][-]{section.6.1}{\376\377\000C\000o\000n\000c\000l\000u\000s\000i\000o\000n}{chapter.6}% 24
\BOOKMARK [1][-]{section.6.2}{\376\377\000F\000u\000t\000u\000r\000e\000\040\000S\000c\000o\000p\000e}{chapter.6}% 25
\BOOKMARK [0][-]{section.6.2}{\376\377\000R\000e\000f\000e\000r\000e\000n\000c\000e\000s}{}% 26
\BOOKMARK [0][-]{chapter*.4}{\376\377\000P\000r\000o\000j\000e\000c\000t\000\040\000D\000e\000t\000a\000i\000l\000s}{}% 27
