This is pdfTeX, Version 3.141592653-2.6-1.40.24 (MiKTeX 21.12) (preloaded format=pdflatex 2022.2.1)  25 MAY 2022 15:07
entering extended mode
 restricted \write18 enabled.
 %&-line parsing enabled.
**./ProjectReport.tex
(ProjectReport.tex
LaTeX2e <2021-11-15> patch level 1
L3 programming layer <2021-11-22>
(C:\Users\ashwi\AppData\Local\Programs\MiKTeX\tex/latex/base\report.cls
Document Class: report 2021/10/04 v1.4n Standard LaTeX document class
(C:\Users\ashwi\AppData\Local\Programs\MiKTeX\tex/latex/base\size12.clo
File: size12.clo 2021/10/04 v1.4n Standard LaTeX file (size option)
)
\c@part=\count183
\c@chapter=\count184
\c@section=\count185
\c@subsection=\count186
\c@subsubsection=\count187
\c@paragraph=\count188
\c@subparagraph=\count189
\c@figure=\count190
\c@table=\count191
\abovecaptionskip=\skip47
\belowcaptionskip=\skip48
\bibindent=\dimen138
)
(C:\Users\ashwi\AppData\Local\Programs\MiKTeX\tex/latex/graphics\graphicx.sty
Package: graphicx 2021/09/16 v1.2d Enhanced LaTeX Graphics (DPC,SPQR)

(C:\Users\ashwi\AppData\Local\Programs\MiKTeX\tex/latex/graphics\keyval.sty
Package: keyval 2014/10/28 v1.15 key=value parser (DPC)
\KV@toks@=\toks16
)
(C:\Users\ashwi\AppData\Local\Programs\MiKTeX\tex/latex/graphics\graphics.sty
Package: graphics 2021/03/04 v1.4d Standard LaTeX Graphics (DPC,SPQR)

(C:\Users\ashwi\AppData\Local\Programs\MiKTeX\tex/latex/graphics\trig.sty
Package: trig 2021/08/11 v1.11 sin cos tan (DPC)
)
(C:\Users\ashwi\AppData\Local\Programs\MiKTeX\tex/latex/graphics-cfg\graphics.c
fg
File: graphics.cfg 2016/06/04 v1.11 sample graphics configuration
)
Package graphics Info: Driver file: pdftex.def on input line 107.

(C:\Users\ashwi\AppData\Local\Programs\MiKTeX\tex/latex/graphics-def\pdftex.def
File: pdftex.def 2020/10/05 v1.2a Graphics/color driver for pdftex
))
\Gin@req@height=\dimen139
\Gin@req@width=\dimen140
) (C:\Users\ashwi\AppData\Local\Programs\MiKTeX\tex/latex/graphics\color.sty
Package: color 2021/10/11 v1.3b Standard LaTeX Color (DPC)

(C:\Users\ashwi\AppData\Local\Programs\MiKTeX\tex/latex/graphics-cfg\color.cfg
File: color.cfg 2016/01/02 v1.6 sample color configuration
)
Package color Info: Driver file: pdftex.def on input line 149.
) (C:\Users\ashwi\AppData\Local\Programs\MiKTeX\tex/latex/tools\verbatim.sty
Package: verbatim 2020-07-07 v1.5u LaTeX2e package for verbatim enhancements
\every@verbatim=\toks17
\verbatim@line=\toks18
\verbatim@in@stream=\read2
)
(C:\Users\ashwi\AppData\Local\Programs\MiKTeX\tex/latex/amsmath\amsmath.sty
Package: amsmath 2021/10/15 v2.17l AMS math features
\@mathmargin=\skip49

For additional information on amsmath, use the `?' option.
(C:\Users\ashwi\AppData\Local\Programs\MiKTeX\tex/latex/amsmath\amstext.sty
Package: amstext 2021/08/26 v2.01 AMS text

(C:\Users\ashwi\AppData\Local\Programs\MiKTeX\tex/latex/amsmath\amsgen.sty
File: amsgen.sty 1999/11/30 v2.0 generic functions
\@emptytoks=\toks19
\ex@=\dimen141
))
(C:\Users\ashwi\AppData\Local\Programs\MiKTeX\tex/latex/amsmath\amsbsy.sty
Package: amsbsy 1999/11/29 v1.2d Bold Symbols
\pmbraise@=\dimen142
)
(C:\Users\ashwi\AppData\Local\Programs\MiKTeX\tex/latex/amsmath\amsopn.sty
Package: amsopn 2021/08/26 v2.02 operator names
)
\inf@bad=\count192
LaTeX Info: Redefining \frac on input line 234.
\uproot@=\count193
\leftroot@=\count194
LaTeX Info: Redefining \overline on input line 399.
\classnum@=\count195
\DOTSCASE@=\count196
LaTeX Info: Redefining \ldots on input line 496.
LaTeX Info: Redefining \dots on input line 499.
LaTeX Info: Redefining \cdots on input line 620.
\Mathstrutbox@=\box50
\strutbox@=\box51
\big@size=\dimen143
LaTeX Font Info:    Redeclaring font encoding OML on input line 743.
LaTeX Font Info:    Redeclaring font encoding OMS on input line 744.
\macc@depth=\count197
\c@MaxMatrixCols=\count198
\dotsspace@=\muskip16
\c@parentequation=\count199
\dspbrk@lvl=\count266
\tag@help=\toks20
\row@=\count267
\column@=\count268
\maxfields@=\count269
\andhelp@=\toks21
\eqnshift@=\dimen144
\alignsep@=\dimen145
\tagshift@=\dimen146
\tagwidth@=\dimen147
\totwidth@=\dimen148
\lineht@=\dimen149
\@envbody=\toks22
\multlinegap=\skip50
\multlinetaggap=\skip51
\mathdisplay@stack=\toks23
LaTeX Info: Redefining \[ on input line 2938.
LaTeX Info: Redefining \] on input line 2939.
)
(C:\Users\ashwi\AppData\Local\Programs\MiKTeX\tex/latex/amsfonts\amssymb.sty
Package: amssymb 2013/01/14 v3.01 AMS font symbols

(C:\Users\ashwi\AppData\Local\Programs\MiKTeX\tex/latex/amsfonts\amsfonts.sty
Package: amsfonts 2013/01/14 v3.01 Basic AMSFonts support
\symAMSa=\mathgroup4
\symAMSb=\mathgroup5
LaTeX Font Info:    Redeclaring math symbol \hbar on input line 98.
LaTeX Font Info:    Overwriting math alphabet `\mathfrak' in version `bold'
(Font)                  U/euf/m/n --> U/euf/b/n on input line 106.
)) (C:\Users\ashwi\AppData\Local\Programs\MiKTeX\tex/latex/cite\cite.sty
LaTeX Info: Redefining \cite on input line 302.
LaTeX Info: Redefining \nocite on input line 332.
Package: cite 2015/02/27  v 5.5
)
(C:\Users\ashwi\AppData\Local\Programs\MiKTeX\tex/latex/tools\tabularx.sty
Package: tabularx 2020/01/15 v2.11c `tabularx' package (DPC)

(C:\Users\ashwi\AppData\Local\Programs\MiKTeX\tex/latex/tools\array.sty
Package: array 2021/10/04 v2.5f Tabular extension package (FMi)
\col@sep=\dimen150
\ar@mcellbox=\box52
\extrarowheight=\dimen151
\NC@list=\toks24
\extratabsurround=\skip52
\backup@length=\skip53
\ar@cellbox=\box53
)
\TX@col@width=\dimen152
\TX@old@table=\dimen153
\TX@old@col=\dimen154
\TX@target=\dimen155
\TX@delta=\dimen156
\TX@cols=\count270
\TX@ftn=\toks25
)
(C:\Users\ashwi\AppData\Local\Programs\MiKTeX\tex/latex/booktabs\booktabs.sty
Package: booktabs 2020/01/12 v1.61803398 Publication quality tables
\heavyrulewidth=\dimen157
\lightrulewidth=\dimen158
\cmidrulewidth=\dimen159
\belowrulesep=\dimen160
\belowbottomsep=\dimen161
\aboverulesep=\dimen162
\abovetopsep=\dimen163
\cmidrulesep=\dimen164
\cmidrulekern=\dimen165
\defaultaddspace=\dimen166
\@cmidla=\count271
\@cmidlb=\count272
\@aboverulesep=\dimen167
\@belowrulesep=\dimen168
\@thisruleclass=\count273
\@lastruleclass=\count274
\@thisrulewidth=\dimen169
)
(C:\Users\ashwi\AppData\Local\Programs\MiKTeX\tex/latex/algorithms\algorithmic.
sty
Package: algorithmic 2009/08/24 v0.1 Document Style `algorithmic'
 (C:\Users\ashwi\AppData\Local\Programs\MiKTeX\tex/latex/base\ifthen.sty
Package: ifthen 2020/11/24 v1.1c Standard LaTeX ifthen package (DPC)
)
\c@ALC@unique=\count275
\c@ALC@line=\count276
\c@ALC@rem=\count277
\c@ALC@depth=\count278
\ALC@tlm=\skip54
\algorithmicindent=\skip55
)
(C:\Users\ashwi\AppData\Local\Programs\MiKTeX\tex/latex/algorithms\algorithm.st
y
Package: algorithm 2009/08/24 v0.1 Document Style `algorithm' - floating enviro
nment
 (C:\Users\ashwi\AppData\Local\Programs\MiKTeX\tex/latex/float\float.sty
Package: float 2001/11/08 v1.3d Float enhancements (AL)
\c@float@type=\count279
\float@exts=\toks26
\float@box=\box54
\@float@everytoks=\toks27
\@floatcapt=\box55
)
\@float@every@algorithm=\toks28
\c@algorithm=\count280
)
(C:\Users\ashwi\AppData\Local\Programs\MiKTeX\tex/latex/appendix\appendix.sty
Package: appendix 2020/02/08 v1.2c extra appendix facilities
\c@@pps=\count281
\c@@ppsavesec=\count282
\c@@ppsaveapp=\count283
)
(C:\Users\ashwi\AppData\Local\Programs\MiKTeX\tex/latex/hyperref\hyperref.sty
Package: hyperref 2021-06-07 v7.00m Hypertext links for LaTeX

(C:\Users\ashwi\AppData\Local\Programs\MiKTeX\tex/generic/ltxcmds\ltxcmds.sty
Package: ltxcmds 2020-05-10 v1.25 LaTeX kernel commands for general use (HO)
)
(C:\Users\ashwi\AppData\Local\Programs\MiKTeX\tex/generic/iftex\iftex.sty
Package: iftex 2020/03/06 v1.0d TeX engine tests
)
(C:\Users\ashwi\AppData\Local\Programs\MiKTeX\tex/generic/pdftexcmds\pdftexcmds
.sty
Package: pdftexcmds 2020-06-27 v0.33 Utility functions of pdfTeX for LuaTeX (HO
)

(C:\Users\ashwi\AppData\Local\Programs\MiKTeX\tex/generic/infwarerr\infwarerr.s
ty
Package: infwarerr 2019/12/03 v1.5 Providing info/warning/error messages (HO)
)
Package pdftexcmds Info: \pdf@primitive is available.
Package pdftexcmds Info: \pdf@ifprimitive is available.
Package pdftexcmds Info: \pdfdraftmode found.
)
(C:\Users\ashwi\AppData\Local\Programs\MiKTeX\tex/generic/kvsetkeys\kvsetkeys.s
ty
Package: kvsetkeys 2019/12/15 v1.18 Key value parser (HO)
)
(C:\Users\ashwi\AppData\Local\Programs\MiKTeX\tex/generic/kvdefinekeys\kvdefine
keys.sty
Package: kvdefinekeys 2019-12-19 v1.6 Define keys (HO)
)
(C:\Users\ashwi\AppData\Local\Programs\MiKTeX\tex/generic/pdfescape\pdfescape.s
ty
Package: pdfescape 2019/12/09 v1.15 Implements pdfTeX's escape features (HO)
) (C:\Users\ashwi\AppData\Local\Programs\MiKTeX\tex/latex/hycolor\hycolor.sty
Package: hycolor 2020-01-27 v1.10 Color options for hyperref/bookmark (HO)
)
(C:\Users\ashwi\AppData\Local\Programs\MiKTeX\tex/latex/letltxmacro\letltxmacro
.sty
Package: letltxmacro 2019/12/03 v1.6 Let assignment for LaTeX macros (HO)
)
(C:\Users\ashwi\AppData\Local\Programs\MiKTeX\tex/latex/auxhook\auxhook.sty
Package: auxhook 2019-12-17 v1.6 Hooks for auxiliary files (HO)
)
(C:\Users\ashwi\AppData\Local\Programs\MiKTeX\tex/latex/kvoptions\kvoptions.sty
Package: kvoptions 2020-10-07 v3.14 Key value format for package options (HO)
)
\@linkdim=\dimen170
\Hy@linkcounter=\count284
\Hy@pagecounter=\count285
 (C:\Users\ashwi\AppData\Local\Programs\MiKTeX\tex/latex/hyperref\pd1enc.def
File: pd1enc.def 2021-06-07 v7.00m Hyperref: PDFDocEncoding definition (HO)
Now handling font encoding PD1 ...
... no UTF-8 mapping file for font encoding PD1
)
(C:\Users\ashwi\AppData\Local\Programs\MiKTeX\tex/latex/hyperref\hyperref-langp
atches.def
File: hyperref-langpatches.def 2021-06-07 v7.00m Hyperref: patches for babel la
nguages
)
(C:\Users\ashwi\AppData\Local\Programs\MiKTeX\tex/generic/intcalc\intcalc.sty
Package: intcalc 2019/12/15 v1.3 Expandable calculations with integers (HO)
)
(C:\Users\ashwi\AppData\Local\Programs\MiKTeX\tex/generic/etexcmds\etexcmds.sty
Package: etexcmds 2019/12/15 v1.7 Avoid name clashes with e-TeX commands (HO)
)
\Hy@SavedSpaceFactor=\count286
 (C:\Users\ashwi\AppData\Local\Programs\MiKTeX\tex/latex/hyperref\puenc.def
File: puenc.def 2021-06-07 v7.00m Hyperref: PDF Unicode definition (HO)
Now handling font encoding PU ...
... no UTF-8 mapping file for font encoding PU
)
Package hyperref Info: Option `bookmarks' set `true' on input line 4073.
Package hyperref Info: Hyper figures OFF on input line 4192.
Package hyperref Info: Link nesting OFF on input line 4197.
Package hyperref Info: Hyper index ON on input line 4200.
Package hyperref Info: Plain pages OFF on input line 4207.
Package hyperref Info: Backreferencing OFF on input line 4212.
Package hyperref Info: Implicit mode ON; LaTeX internals redefined.
Package hyperref Info: Bookmarks ON on input line 4445.
\c@Hy@tempcnt=\count287

(C:\Users\ashwi\AppData\Local\Programs\MiKTeX\tex/latex/url\url.sty
\Urlmuskip=\muskip17
Package: url 2013/09/16  ver 3.4  Verb mode for urls, etc.
)
LaTeX Info: Redefining \url on input line 4804.
\XeTeXLinkMargin=\dimen171

(C:\Users\ashwi\AppData\Local\Programs\MiKTeX\tex/generic/bitset\bitset.sty
Package: bitset 2019/12/09 v1.3 Handle bit-vector datatype (HO)

(C:\Users\ashwi\AppData\Local\Programs\MiKTeX\tex/generic/bigintcalc\bigintcalc
.sty
Package: bigintcalc 2019/12/15 v1.5 Expandable calculations on big integers (HO
)
))
\Fld@menulength=\count288
\Field@Width=\dimen172
\Fld@charsize=\dimen173
Package hyperref Info: Hyper figures OFF on input line 6076.
Package hyperref Info: Link nesting OFF on input line 6081.
Package hyperref Info: Hyper index ON on input line 6084.
Package hyperref Info: backreferencing OFF on input line 6091.
Package hyperref Info: Link coloring OFF on input line 6096.
Package hyperref Info: Link coloring with OCG OFF on input line 6101.
Package hyperref Info: PDF/A mode OFF on input line 6106.
LaTeX Info: Redefining \ref on input line 6146.
LaTeX Info: Redefining \pageref on input line 6150.

(C:\Users\ashwi\AppData\Local\Programs\MiKTeX\tex/latex/base\atbegshi-ltx.sty
Package: atbegshi-ltx 2021/01/10 v1.0c Emulation of the original atbegshi
package with kernel methods
)
\Hy@abspage=\count289
\c@Item=\count290
\c@Hfootnote=\count291
)
Package hyperref Info: Driver: hpdftex.
(C:\Users\ashwi\AppData\Local\Programs\MiKTeX\tex/latex/hyperref\hpdftex.def
File: hpdftex.def 2021-06-07 v7.00m Hyperref driver for pdfTeX

(C:\Users\ashwi\AppData\Local\Programs\MiKTeX\tex/latex/base\atveryend-ltx.sty
Package: atveryend-ltx 2020/08/19 v1.0a Emulation of the original atveryend pac
kage
with kernel methods
)
\Fld@listcount=\count292
\c@bookmark@seq@number=\count293

(C:\Users\ashwi\AppData\Local\Programs\MiKTeX\tex/latex/rerunfilecheck\rerunfil
echeck.sty
Package: rerunfilecheck 2019/12/05 v1.9 Rerun checks for auxiliary files (HO)

(C:\Users\ashwi\AppData\Local\Programs\MiKTeX\tex/generic/uniquecounter\uniquec
ounter.sty
Package: uniquecounter 2019/12/15 v1.4 Provide unlimited unique counter (HO)
)
Package uniquecounter Info: New unique counter `rerunfilecheck' on input line 2
86.
)
\Hy@SectionHShift=\skip56
)
(C:\Users\ashwi\AppData\Local\Programs\MiKTeX\tex/latex/fancyhdr\fancyhdr.sty
Package: fancyhdr 2021/01/28 v4.0.1 Extensive control of page headers and foote
rs
\f@nch@headwidth=\skip57
\f@nch@O@elh=\skip58
\f@nch@O@erh=\skip59
\f@nch@O@olh=\skip60
\f@nch@O@orh=\skip61
\f@nch@O@elf=\skip62
\f@nch@O@erf=\skip63
\f@nch@O@olf=\skip64
\f@nch@O@orf=\skip65
)
(C:\Users\ashwi\AppData\Local\Programs\MiKTeX\tex/latex/pdfpages\pdfpages.sty
Package: pdfpages 2022/01/29 v0.5u Insert pages of external PDF documents (AM)

(C:\Users\ashwi\AppData\Local\Programs\MiKTeX\tex/latex/tools\calc.sty
Package: calc 2017/05/25 v4.3 Infix arithmetic (KKT,FJ)
\calc@Acount=\count294
\calc@Bcount=\count295
\calc@Adimen=\dimen174
\calc@Bdimen=\dimen175
\calc@Askip=\skip66
\calc@Bskip=\skip67
LaTeX Info: Redefining \setlength on input line 80.
LaTeX Info: Redefining \addtolength on input line 81.
\calc@Ccount=\count296
\calc@Cskip=\skip68
)
(C:\Users\ashwi\AppData\Local\Programs\MiKTeX\tex/latex/eso-pic\eso-pic.sty
Package: eso-pic 2020/10/14 v3.0a eso-pic (RN)
\ESO@tempdima=\dimen176
\ESO@tempdimb=\dimen177
)
\AM@pagewidth=\dimen178
\AM@pageheight=\dimen179
\AM@fboxrule=\dimen180

(C:\Users\ashwi\AppData\Local\Programs\MiKTeX\tex/latex/pdfpages\pppdftex.def
File: pppdftex.def 2022/01/29 v0.5u Pdfpages driver for pdfTeX (AM)
)
\pdfpages@includegraphics@status=\count297
\AM@pagebox=\box56
\AM@global@opts=\toks29
\AM@pagecnt=\count298
\AM@toc@title=\toks30
\c@AM@survey=\count299
\AM@templatesizebox=\box57
)
\c@theorem=\count300
\c@definition=\count301
\c@example=\count302

(C:\Users\ashwi\AppData\Local\Programs\MiKTeX\tex/latex/l3backend\l3backend-pdf
tex.def
File: l3backend-pdftex.def 2021-10-18 L3 backend support: PDF output (pdfTeX)
\l__color_backend_stack_int=\count303
\l__pdf_internal_box=\box58
)

LaTeX Warning: Unused global option(s):
    [runningheads].

(ProjectReport.aux (Declaration/declaration.aux) (Certificate/certificate.aux)
(Acknowledgements/ack.aux) (Abstract/abstract.aux) (Abbreviations/loa.aux)
(Notation/notations.aux) (Chapter1/ch1.aux) (Chapter2/ch2.aux)
(Chapter3/ch3.aux) (Chapter4/ch4.aux) (Chapter5/ch5.aux) (Chapter6/ch6.aux)
(ProjectDetail/PD.aux))
\openout1 = `ProjectReport.aux'.

LaTeX Font Info:    Checking defaults for OML/cmm/m/it on input line 31.
LaTeX Font Info:    ... okay on input line 31.
LaTeX Font Info:    Checking defaults for OMS/cmsy/m/n on input line 31.
LaTeX Font Info:    ... okay on input line 31.
LaTeX Font Info:    Checking defaults for OT1/cmr/m/n on input line 31.
LaTeX Font Info:    ... okay on input line 31.
LaTeX Font Info:    Checking defaults for T1/cmr/m/n on input line 31.
LaTeX Font Info:    ... okay on input line 31.
LaTeX Font Info:    Checking defaults for TS1/cmr/m/n on input line 31.
LaTeX Font Info:    ... okay on input line 31.
LaTeX Font Info:    Checking defaults for OMX/cmex/m/n on input line 31.
LaTeX Font Info:    ... okay on input line 31.
LaTeX Font Info:    Checking defaults for U/cmr/m/n on input line 31.
LaTeX Font Info:    ... okay on input line 31.
LaTeX Font Info:    Checking defaults for PD1/pdf/m/n on input line 31.
LaTeX Font Info:    ... okay on input line 31.
LaTeX Font Info:    Checking defaults for PU/pdf/m/n on input line 31.
LaTeX Font Info:    ... okay on input line 31.

(C:\Users\ashwi\AppData\Local\Programs\MiKTeX\tex/context/base/mkii\supp-pdf.mk
ii
[Loading MPS to PDF converter (version 2006.09.02).]
\scratchcounter=\count304
\scratchdimen=\dimen181
\scratchbox=\box59
\nofMPsegments=\count305
\nofMParguments=\count306
\everyMPshowfont=\toks31
\MPscratchCnt=\count307
\MPscratchDim=\dimen182
\MPnumerator=\count308
\makeMPintoPDFobject=\count309
\everyMPtoPDFconversion=\toks32
)
(C:\Users\ashwi\AppData\Local\Programs\MiKTeX\tex/latex/epstopdf-pkg\epstopdf-b
ase.sty
Package: epstopdf-base 2020-01-24 v2.11 Base part for package epstopdf
Package epstopdf-base Info: Redefining graphics rule for `.eps' on input line 4
85.

(C:\Users\ashwi\AppData\Local\Programs\MiKTeX\tex/latex/00miktex\epstopdf-sys.c
fg
File: epstopdf-sys.cfg 2021/03/18 v2.0 Configuration of epstopdf for MiKTeX
))
Package hyperref Info: Link coloring OFF on input line 31.

(C:\Users\ashwi\AppData\Local\Programs\MiKTeX\tex/latex/hyperref\nameref.sty
Package: nameref 2021-04-02 v2.47 Cross-referencing by name of section

(C:\Users\ashwi\AppData\Local\Programs\MiKTeX\tex/latex/refcount\refcount.sty
Package: refcount 2019/12/15 v3.6 Data extraction from label references (HO)
)
(C:\Users\ashwi\AppData\Local\Programs\MiKTeX\tex/generic/gettitlestring\gettit
lestring.sty
Package: gettitlestring 2019/12/15 v1.6 Cleanup title references (HO)
)
\c@section@level=\count310
)
LaTeX Info: Redefining \ref on input line 31.
LaTeX Info: Redefining \pageref on input line 31.
LaTeX Info: Redefining \nameref on input line 31.
 (ProjectReport.out) (ProjectReport.out)
\@outlinefile=\write3
\openout3 = `ProjectReport.out'.


(C:\Users\ashwi\AppData\Local\Programs\MiKTeX\tex/latex/pdflscape\pdflscape.sty
Package: pdflscape 2019/12/05 v0.12 Display of landscape pages in PDF (HO)
(C:\Users\ashwi\AppData\Local\Programs\MiKTeX\tex/latex/graphics\lscape.sty
Package: lscape 2020/05/28 v3.02 Landscape Pages (DPC)
)
Package pdflscape Info: Auto-detected driver: pdftex on input line 81.
)
LaTeX Font Info:    Trying to load font information for U+msa on input line 68.


(C:\Users\ashwi\AppData\Local\Programs\MiKTeX\tex/latex/amsfonts\umsa.fd
File: umsa.fd 2013/01/14 v3.01 AMS symbols A
)
LaTeX Font Info:    Trying to load font information for U+msb on input line 68.


(C:\Users\ashwi\AppData\Local\Programs\MiKTeX\tex/latex/amsfonts\umsb.fd
File: umsb.fd 2013/01/14 v3.01 AMS symbols B
)
<MITLogo.jpg, id=107, 459.243pt x 61.101pt>
File: MITLogo.jpg Graphic file (type jpg)
<use MITLogo.jpg>
Package pdftex.def Info: MITLogo.jpg  used on input line 93.
(pdftex.def)             Requested size: 367.39488pt x 48.88086pt.

[1

{C:/Users/ashwi/AppData/Local/MiKTeX/fonts/map/pdftex/pdftex.map} <./MITLogo.jp
g>]
\openout2 = `Declaration/declaration.aux'.

 (Declaration/declaration.tex
<mydiagrams//Sign.jpg, id=116, 161.10187pt x 82.05656pt>
File: mydiagrams//Sign.jpg Graphic file (type jpg)
<use mydiagrams//Sign.jpg>
Package pdftex.def Info: mydiagrams//Sign.jpg  used on input line 26.
(pdftex.def)             Requested size: 67.57172pt x 34.41844pt.
) [1

 <./mydiagrams//Sign.jpg>]
\openout2 = `Certificate/certificate.aux'.


(Certificate/certificate.tex
File: MITLogo.jpg Graphic file (type jpg)
<use MITLogo.jpg>
Package pdftex.def Info: MITLogo.jpg  used on input line 3.
(pdftex.def)             Requested size: 390.35838pt x 51.93608pt.

Overfull \hbox (60.13501pt too wide) in paragraph at lines 23--30
 [][] 
 []

) [2



]
\openout2 = `Acknowledgements/ack.aux'.

 (Acknowledgements/ack.tex) [3



]
\openout2 = `Abstract/abstract.aux'.

 (Abstract/abstract.tex) [4



]
(ProjectReport.toc [5



])
\tf@toc=\write4
\openout4 = `ProjectReport.toc'.

 [6] (ProjectReport.lot)
\tf@lot=\write5
\openout5 = `ProjectReport.lot'.

 [7

] (ProjectReport.lof)
\tf@lof=\write6
\openout6 = `ProjectReport.lof'.


[8

]
\openout2 = `Abbreviations/loa.aux'.

 (Abbreviations/loa.tex) [9

]
\openout2 = `Notation/notations.aux'.

 (Notation/notations.tex) [10



]
\openout2 = `Chapter1/ch1.aux'.

 (Chapter1/ch1.tex
Chapter 1.
<mydiagrams//fig1.png, id=241, 643.6547pt x 237.88875pt>
File: mydiagrams//fig1.png Graphic file (type png)
<use mydiagrams//fig1.png>
Package pdftex.def Info: mydiagrams//fig1.png  used on input line 13.
(pdftex.def)             Requested size: 397.48499pt x 146.91234pt.

LaTeX Warning: `h' float specifier changed to `ht'.


pdfTeX warning (ext4): destination with the same identifier (name{page.1}) has 
been already used, duplicate ignored
<to be read again> 
                   \relax 
l.21 
      [1




]
<mydiagrams//ml_types.png, id=250, 625.58719pt x 331.99031pt>
File: mydiagrams//ml_types.png Graphic file (type png)
<use mydiagrams//ml_types.png>
Package pdftex.def Info: mydiagrams//ml_types.png  used on input line 24.
(pdftex.def)             Requested size: 397.48499pt x 210.9432pt.


LaTeX Warning: `h' float specifier changed to `ht'.

[2 <./mydiagrams//fig1.png>]
<mydiagrams//fig2.png, id=262, 270.25969pt x 173.14688pt>
File: mydiagrams//fig2.png Graphic file (type png)
<use mydiagrams//fig2.png>
Package pdftex.def Info: mydiagrams//fig2.png  used on input line 38.
(pdftex.def)             Requested size: 238.49341pt x 152.79773pt.
 [3 <./mydiagrams//ml_types.png>] [4 <./mydiagrams//fig2.png>]) [5]
\openout2 = `Chapter2/ch2.aux'.

 (Chapter2/ch2.tex
Chapter 2.
[6




] [7] [8]
Underfull \hbox (badness 1939) in paragraph at lines 45--46
[]|\OT1/cmr/bx/n/12 Reward func-
 []


Underfull \hbox (badness 10000) in paragraph at lines 50--50
[]|\OT1/cmr/m/n/12 Huang
 []


Underfull \hbox (badness 10000) in paragraph at lines 50--50
\OT1/cmr/m/n/12 et al.,
 []


Underfull \hbox (badness 10000) in paragraph at lines 52--52
[]|\OT1/cmr/m/n/12 Zhang
 []


Underfull \hbox (badness 10000) in paragraph at lines 52--52
\OT1/cmr/m/n/12 et al.,
 []


Underfull \hbox (badness 4713) in paragraph at lines 52--52
\OT1/cmr/m/n/12 acceleration, rel-a-
 []

LaTeX Font Info:    Trying to load font information for OMS+cmr on input line 5
2.
(C:\Users\ashwi\AppData\Local\Programs\MiKTeX\tex/latex/base\omscmr.fd
File: omscmr.fd 2019/12/16 v2.5j Standard LaTeX font definitions
)
LaTeX Font Info:    Font shape `OMS/cmr/m/n' in size <12> not available
(Font)              Font shape `OMS/cmsy/m/n' tried instead on input line 52.

Underfull \hbox (badness 10000) in paragraph at lines 54--54
[]|\OT1/cmr/m/n/12 Chopra
 []


Underfull \hbox (badness 10000) in paragraph at lines 54--54
\OT1/cmr/m/n/12 et al.,
 []


LaTeX Warning: `h' float specifier changed to `ht'.

) [9] [10]
\openout2 = `Chapter3/ch3.aux'.

 (Chapter3/ch3.tex
Chapter 3.
) [11




]
\openout2 = `Chapter4/ch4.aux'.

 (Chapter4/ch4.tex
Chapter 4.

Underfull \hbox (badness 10000) in paragraph at lines 4--7

 []

[12




]
Underfull \hbox (badness 10000) in paragraph at lines 12--13

 []

<mydiagrams//fig19.png, id=343, 1837.86626pt x 1439.3775pt>
File: mydiagrams//fig19.png Graphic file (type png)
<use mydiagrams//fig19.png>
Package pdftex.def Info: mydiagrams//fig19.png  used on input line 16.
(pdftex.def)             Requested size: 357.73405pt x 280.16135pt.
Package hyperref Info: bookmark level for unknown algorithm defaults to 0 on in
put line 23.
[13 <./mydiagrams//fig19.png>] [14] [15]
<mydiagrams//fig4.png, id=380, 452.97804pt x 128.40831pt>
File: mydiagrams//fig4.png Graphic file (type png)
<use mydiagrams//fig4.png>
Package pdftex.def Info: mydiagrams//fig4.png  used on input line 73.
(pdftex.def)             Requested size: 278.23827pt x 78.87364pt.


LaTeX Warning: `h' float specifier changed to `ht'.

[16 <./mydiagrams//fig4.png>]

LaTeX Warning: `h' float specifier changed to `ht'.

[17] [18] [19] [20] [21]) [22]
\openout2 = `Chapter5/ch5.aux'.

 (Chapter5/ch5.tex
Chapter 5.

Underfull \hbox (badness 10000) in paragraph at lines 3--4

 []

<mydiagrams//fig8.png, id=423, 481.8pt x 380.92313pt>
File: mydiagrams//fig8.png Graphic file (type png)
<use mydiagrams//fig8.png>
Package pdftex.def Info: mydiagrams//fig8.png  used on input line 8.
(pdftex.def)             Requested size: 238.49341pt x 188.55461pt.
[23




 <./mydiagrams//fig8.png>]
<mydiagrams//fig10.png, id=429, 481.04718pt x 382.42876pt>
File: mydiagrams//fig10.png Graphic file (type png)
<use mydiagrams//fig10.png>
Package pdftex.def Info: mydiagrams//fig10.png  used on input line 18.
(pdftex.def)             Requested size: 238.49341pt x 189.60333pt.
<mydiagrams//fig15.png, id=430, 478.78876pt x 382.42876pt>
File: mydiagrams//fig15.png Graphic file (type png)
<use mydiagrams//fig15.png>
Package pdftex.def Info: mydiagrams//fig15.png  used on input line 26.
(pdftex.def)             Requested size: 238.49341pt x 190.49614pt.
<mydiagrams//fig17.png, id=431, 479.54156pt x 379.4175pt>
File: mydiagrams//fig17.png Graphic file (type png)
<use mydiagrams//fig17.png>
Package pdftex.def Info: mydiagrams//fig17.png  used on input line 33.
(pdftex.def)             Requested size: 238.49341pt x 188.70091pt.


LaTeX Warning: `h' float specifier changed to `ht'.

[24 <./mydiagrams//fig10.png> <./mydiagrams//fig15.png>]
<mydiagrams//fig18.png, id=438, 481.04718pt x 381.67593pt>
File: mydiagrams//fig18.png Graphic file (type png)
<use mydiagrams//fig18.png>
Package pdftex.def Info: mydiagrams//fig18.png  used on input line 41.
(pdftex.def)             Requested size: 238.49341pt x 189.2301pt.
 [25 <./mydiagrams//fig17.png> <./mydiagrams//fig18.png>]
<mydiagrams//res_graph_trg.png, id=451, 803.0pt x 602.25pt>
File: mydiagrams//res_graph_trg.png Graphic file (type png)
<use mydiagrams//res_graph_trg.png>
Package pdftex.def Info: mydiagrams//res_graph_trg.png  used on input line 57.
(pdftex.def)             Requested size: 278.23827pt x 208.68623pt.
 [26 <./mydiagrams//res_graph_trg.png>]
<mydiagrams//res_graph1.png, id=458, 803.0pt x 602.25pt>
File: mydiagrams//res_graph1.png Graphic file (type png)
<use mydiagrams//res_graph1.png>
Package pdftex.def Info: mydiagrams//res_graph1.png  used on input line 70.
(pdftex.def)             Requested size: 278.23827pt x 208.68623pt.

[27 <./mydiagrams//res_graph1.png>]
<mydiagrams//res_graph2.png, id=466, 803.0pt x 602.25pt>
File: mydiagrams//res_graph2.png Graphic file (type png)
<use mydiagrams//res_graph2.png>
Package pdftex.def Info: mydiagrams//res_graph2.png  used on input line 91.
(pdftex.def)             Requested size: 278.23827pt x 208.68623pt.
<mydiagrams//res_graph3.png, id=467, 803.0pt x 602.25pt>
File: mydiagrams//res_graph3.png Graphic file (type png)
<use mydiagrams//res_graph3.png>
Package pdftex.def Info: mydiagrams//res_graph3.png  used on input line 99.
(pdftex.def)             Requested size: 278.23827pt x 208.68623pt.
 [28 <./mydiagrams//res_graph2.png> <./mydiagrams//res_graph3.png>]
<mydiagrams//res_graph4.png, id=472, 803.0pt x 602.25pt>
File: mydiagrams//res_graph4.png Graphic file (type png)
<use mydiagrams//res_graph4.png>
Package pdftex.def Info: mydiagrams//res_graph4.png  used on input line 110.
(pdftex.def)             Requested size: 278.23827pt x 208.68623pt.

Overfull \hbox (5.9886pt too wide) in paragraph at lines 116--117
[]\OT1/cmr/m/n/12 In all the sim-u-la-tions, the agent suc-cess-fully man-aged 
to drive it-self smoothly
 []

) [29 <./mydiagrams//res_graph4.png>]
\openout2 = `Chapter6/ch6.aux'.

 (Chapter6/ch6.tex
Chapter 6.
[30




]) [31] (ProjectReport.bbl [32



] [33]) [34]
\openout2 = `ProjectDetail/PD.aux'.

 (ProjectDetail/PD.tex
Underfull \hbox (badness 10000) in paragraph at lines 37--37
[]|\OT1/cmr/bx/n/8 Student
 []


Underfull \hbox (badness 10000) in paragraph at lines 37--37
[]|\OT1/cmr/m/n/8 Registration
 []


Underfull \hbox (badness 10000) in paragraph at lines 37--37
[]|\OT1/cmr/m/n/8 Section/Roll
 []


Underfull \hbox (badness 4913) in paragraph at lines 37--37
[]|\OT1/cmr/m/n/8 Project Du-ra-
 []


Underfull \hbox (badness 10000) in paragraph at lines 37--37
[]|\OT1/cmr/m/n/8 Date of Re-
 []


Underfull \hbox (badness 10000) in paragraph at lines 37--37
[]|\OT1/cmr/bx/n/8 Organization
 []


Underfull \hbox (badness 10000) in paragraph at lines 37--37
[]|\OT1/cmr/m/n/8 Website Ad-
 []


Underfull \hbox (badness 10000) in paragraph at lines 37--37
[]|\OT1/cmr/bx/n/8 Faculty
 []


Underfull \hbox (badness 10000) in paragraph at lines 37--37
[]|\OT1/cmr/m/n/8 Full Con-tact
 []


Underfull \hbox (badness 10000) in paragraph at lines 37--37
\OT1/cmr/m/n/8 Ad-dress with
 []


Underfull \hbox (badness 10000) in paragraph at lines 37--39

 []

) [35]
<OriginalityReport/OriginalityReport_page1.pdf, id=508, 364.2408pt x 501.072pt>

File: OriginalityReport/OriginalityReport_page1.pdf Graphic file (type pdf)
<use OriginalityReport/OriginalityReport_page1.pdf>
Package pdftex.def Info: OriginalityReport/OriginalityReport_page1.pdf  used on
 input line 148.
(pdftex.def)             Requested size: 364.23991pt x 501.07079pt.
File: OriginalityReport/OriginalityReport_page1.pdf Graphic file (type pdf)
<use OriginalityReport/OriginalityReport_page1.pdf>
Package pdftex.def Info: OriginalityReport/OriginalityReport_page1.pdf  used on
 input line 148.
(pdftex.def)             Requested size: 364.23991pt x 501.07079pt.
<OriginalityReport/OriginalityReport_page1.pdf, id=511, page=1, 364.2408pt x 50
1.072pt>
File: OriginalityReport/OriginalityReport_page1.pdf Graphic file (type pdf)
<use OriginalityReport/OriginalityReport_page1.pdf, page 1>
Package pdftex.def Info: OriginalityReport/OriginalityReport_page1.pdf , page1 
used on input line 148.
(pdftex.def)             Requested size: 364.23991pt x 501.07079pt.
File: OriginalityReport/OriginalityReport_page1.pdf Graphic file (type pdf)
<use OriginalityReport/OriginalityReport_page1.pdf, page 1>
Package pdftex.def Info: OriginalityReport/OriginalityReport_page1.pdf , page1 
used on input line 148.
(pdftex.def)             Requested size: 597.8979pt x 822.50505pt.
File: OriginalityReport/OriginalityReport_page1.pdf Graphic file (type pdf)
<use OriginalityReport/OriginalityReport_page1.pdf, page 1>
Package pdftex.def Info: OriginalityReport/OriginalityReport_page1.pdf , page1 
used on input line 148.
(pdftex.def)             Requested size: 597.8979pt x 822.50505pt.
File: OriginalityReport/OriginalityReport_page1.pdf Graphic file (type pdf)
<use OriginalityReport/OriginalityReport_page1.pdf, page 1>
Package pdftex.def Info: OriginalityReport/OriginalityReport_page1.pdf , page1 
used on input line 148.
(pdftex.def)             Requested size: 597.8979pt x 822.50505pt.
File: OriginalityReport/OriginalityReport_page1.pdf Graphic file (type pdf)
<use OriginalityReport/OriginalityReport_page1.pdf, page 1>
Package pdftex.def Info: OriginalityReport/OriginalityReport_page1.pdf , page1 
used on input line 148.
(pdftex.def)             Requested size: 597.8979pt x 822.50505pt.
 [36



 <./OriginalityReport/OriginalityReport_page1.pdf>]

pdfTeX warning: pdflatex.exe (file ./OriginalityReport/OriginalityReport_page2.
pdf): PDF inclusion: found PDF version <1.7>, but at most version <1.5> allowed

<OriginalityReport/OriginalityReport_page2.pdf, id=526, 597.55246pt x 845.07724
pt>
File: OriginalityReport/OriginalityReport_page2.pdf Graphic file (type pdf)
<use OriginalityReport/OriginalityReport_page2.pdf>
Package pdftex.def Info: OriginalityReport/OriginalityReport_page2.pdf  used on
 input line 149.
(pdftex.def)             Requested size: 597.551pt x 845.07518pt.


pdfTeX warning: pdflatex.exe (file ./OriginalityReport/OriginalityReport_page2.
pdf): PDF inclusion: found PDF version <1.7>, but at most version <1.5> allowed

File: OriginalityReport/OriginalityReport_page2.pdf Graphic file (type pdf)
<use OriginalityReport/OriginalityReport_page2.pdf>
Package pdftex.def Info: OriginalityReport/OriginalityReport_page2.pdf  used on
 input line 149.
(pdftex.def)             Requested size: 597.551pt x 845.07518pt.


pdfTeX warning: pdflatex.exe (file ./OriginalityReport/OriginalityReport_page2.
pdf): PDF inclusion: found PDF version <1.7>, but at most version <1.5> allowed



pdfTeX warning: pdflatex.exe (file ./OriginalityReport/OriginalityReport_page2.
pdf): PDF inclusion: found PDF version <1.7>, but at most version <1.5> allowed

<OriginalityReport/OriginalityReport_page2.pdf, id=529, page=1, 597.55246pt x 8
45.07724pt>
File: OriginalityReport/OriginalityReport_page2.pdf Graphic file (type pdf)
<use OriginalityReport/OriginalityReport_page2.pdf, page 1>
Package pdftex.def Info: OriginalityReport/OriginalityReport_page2.pdf , page1 
used on input line 149.
(pdftex.def)             Requested size: 597.551pt x 845.07518pt.
File: OriginalityReport/OriginalityReport_page2.pdf Graphic file (type pdf)
<use OriginalityReport/OriginalityReport_page2.pdf, page 1>
Package pdftex.def Info: OriginalityReport/OriginalityReport_page2.pdf , page1 
used on input line 149.
(pdftex.def)             Requested size: 597.57834pt x 845.11386pt.
File: OriginalityReport/OriginalityReport_page2.pdf Graphic file (type pdf)
<use OriginalityReport/OriginalityReport_page2.pdf, page 1>
Package pdftex.def Info: OriginalityReport/OriginalityReport_page2.pdf , page1 
used on input line 149.
(pdftex.def)             Requested size: 597.57834pt x 845.11386pt.
File: OriginalityReport/OriginalityReport_page2.pdf Graphic file (type pdf)
<use OriginalityReport/OriginalityReport_page2.pdf, page 1>
Package pdftex.def Info: OriginalityReport/OriginalityReport_page2.pdf , page1 
used on input line 149.
(pdftex.def)             Requested size: 597.57834pt x 845.11386pt.
File: OriginalityReport/OriginalityReport_page2.pdf Graphic file (type pdf)
<use OriginalityReport/OriginalityReport_page2.pdf, page 1>
Package pdftex.def Info: OriginalityReport/OriginalityReport_page2.pdf , page1 
used on input line 149.
(pdftex.def)             Requested size: 597.57834pt x 845.11386pt.
[37 <./OriginalityReport/OriginalityReport_page2.pdf>] (ProjectReport.aux
(Declaration/declaration.aux) (Certificate/certificate.aux)
(Acknowledgements/ack.aux) (Abstract/abstract.aux) (Abbreviations/loa.aux)
(Notation/notations.aux) (Chapter1/ch1.aux) (Chapter2/ch2.aux)
(Chapter3/ch3.aux) (Chapter4/ch4.aux) (Chapter5/ch5.aux) (Chapter6/ch6.aux)
(ProjectDetail/PD.aux))
Package rerunfilecheck Info: File `ProjectReport.out' has not changed.
(rerunfilecheck)             Checksum: 35B0141C2808E802A8CE8D8E53725B43;3534.
 ) 
Here is how much of TeX's memory you used:
 12038 strings out of 478659
 204668 string characters out of 2845921
 483122 words of memory out of 3000000
 29701 multiletter control sequences out of 15000+600000
 412806 words of font info for 61 fonts, out of 8000000 for 9000
 1141 hyphenation exceptions out of 8191
 60i,17n,64p,2269b,622s stack positions out of 5000i,500n,10000p,200000b,80000s
<C:/Users/ashwi/AppData/Local/Programs/MiKTeX/fonts/type1/public/amsfonts/cm/
cmbx10.pfb><C:/Users/ashwi/AppData/Local/Programs/MiKTeX/fonts/type1/public/ams
fonts/cm/cmbx12.pfb><C:/Users/ashwi/AppData/Local/Programs/MiKTeX/fonts/type1/p
ublic/amsfonts/cm/cmbx8.pfb><C:/Users/ashwi/AppData/Local/Programs/MiKTeX/fonts
/type1/public/amsfonts/cm/cmmi12.pfb><C:/Users/ashwi/AppData/Local/Programs/MiK
TeX/fonts/type1/public/amsfonts/cm/cmmi6.pfb><C:/Users/ashwi/AppData/Local/Prog
rams/MiKTeX/fonts/type1/public/amsfonts/cm/cmmi8.pfb><C:/Users/ashwi/AppData/Lo
cal/Programs/MiKTeX/fonts/type1/public/amsfonts/cm/cmr10.pfb><C:/Users/ashwi/Ap
pData/Local/Programs/MiKTeX/fonts/type1/public/amsfonts/cm/cmr12.pfb><C:/Users/
ashwi/AppData/Local/Programs/MiKTeX/fonts/type1/public/amsfonts/cm/cmr6.pfb><C:
/Users/ashwi/AppData/Local/Programs/MiKTeX/fonts/type1/public/amsfonts/cm/cmr8.
pfb><C:/Users/ashwi/AppData/Local/Programs/MiKTeX/fonts/type1/public/amsfonts/c
m/cmsy10.pfb><C:/Users/ashwi/AppData/Local/Programs/MiKTeX/fonts/type1/public/a
msfonts/cm/cmsy6.pfb><C:/Users/ashwi/AppData/Local/Programs/MiKTeX/fonts/type1/
public/amsfonts/cm/cmsy8.pfb><C:/Users/ashwi/AppData/Local/Programs/MiKTeX/font
s/type1/public/amsfonts/cm/cmti10.pfb><C:/Users/ashwi/AppData/Local/Programs/Mi
KTeX/fonts/type1/public/amsfonts/cm/cmti12.pfb><C:/Users/ashwi/AppData/Local/Pr
ograms/MiKTeX/fonts/type1/public/amsfonts/cm/cmti8.pfb>
Output written on ProjectReport.pdf (48 pages, 3233304 bytes).
PDF statistics:
 632 PDF objects out of 1000 (max. 8388607)
 128 named destinations out of 1000 (max. 500000)
 342 words of extra memory for PDF output out of 10000 (max. 10000000)

